0 info it worked if it ends with ok
1 verbose cli [ '/Users/curry/.nvm/versions/node/v7.6.0/bin/node',
1 verbose cli   '/Users/curry/.nvm/versions/node/v7.6.0/bin/npm',
1 verbose cli   'publish' ]
2 info using npm@4.1.2
3 info using node@v7.6.0
4 verbose publish [ '.' ]
5 silly cache add args [ '.', null ]
6 verbose cache add spec .
7 silly cache add parsed spec Result {
7 silly cache add   raw: '.',
7 silly cache add   scope: null,
7 silly cache add   escapedName: null,
7 silly cache add   name: null,
7 silly cache add   rawSpec: '.',
7 silly cache add   spec: '/Users/curry/Documents/gitHub_workSpace/sf',
7 silly cache add   type: 'directory' }
8 verbose addLocalDirectory /Users/curry/.npm/xian_sf/0.1.7/package.tgz not in flight; packing
9 verbose correctMkdir /Users/curry/.npm correctMkdir not in flight; initializing
10 warn prepublish-on-install As of npm@5, `prepublish` scripts will run only for `npm publish`.
11 warn prepublish-on-install (In npm@4 and previous versions, it also runs for `npm install`.)
12 warn prepublish-on-install See the deprecation note in `npm help scripts` for more information.
13 info lifecycle xian_sf@0.1.7~prepublish: xian_sf@0.1.7
14 verbose lifecycle xian_sf@0.1.7~prepublish: unsafe-perm in lifecycle true
15 verbose lifecycle xian_sf@0.1.7~prepublish: PATH: /Users/curry/.nvm/versions/node/v7.6.0/lib/node_modules/npm/bin/node-gyp-bin:/Users/curry/Documents/gitHub_workSpace/sf/node_modules/.bin:/usr/local/mongodb/bin:/Users/curry/.nvm/versions/node/v7.6.0/bin:/Library/Frameworks/Python.framework/Versions/3.6/bin:/usr/local/bin:/usr/bin:/bin:/usr/sbin:/sbin:/Users/curry/Library/Android/sdk/tools:/Users/curry/Library/Android/sdk/platform-tools
16 verbose lifecycle xian_sf@0.1.7~prepublish: CWD: /Users/curry/Documents/gitHub_workSpace/sf
17 silly lifecycle xian_sf@0.1.7~prepublish: Args: [ '-c', 'npm run compile' ]
18 silly lifecycle xian_sf@0.1.7~prepublish: Returned: code: 0  signal: null
19 info lifecycle xian_sf@0.1.7~prepare: xian_sf@0.1.7
20 silly lifecycle xian_sf@0.1.7~prepare: no script for prepare, continuing
21 verbose tar pack [ '/Users/curry/.npm/xian_sf/0.1.7/package.tgz',
21 verbose tar pack   '/Users/curry/Documents/gitHub_workSpace/sf' ]
22 verbose tarball /Users/curry/.npm/xian_sf/0.1.7/package.tgz
23 verbose folder /Users/curry/Documents/gitHub_workSpace/sf
24 verbose addLocalTarball adding from inside cache /Users/curry/.npm/xian_sf/0.1.7/package.tgz
25 verbose correctMkdir /Users/curry/.npm correctMkdir not in flight; initializing
26 silly cache afterAdd xian_sf@0.1.7
27 verbose afterAdd /Users/curry/.npm/xian_sf/0.1.7/package/package.json not in flight; writing
28 verbose correctMkdir /Users/curry/.npm correctMkdir not in flight; initializing
29 verbose afterAdd /Users/curry/.npm/xian_sf/0.1.7/package/package.json written
30 silly publish { name: 'xian_sf',
30 silly publish   version: '0.1.7',
30 silly publish   description: 'the interface of sf for nodeJs',
30 silly publish   main: 'lib/index.js',
30 silly publish   directories: { test: 'test' },
30 silly publish   scripts:
30 silly publish    { compile: 'babel src -d lib',
30 silly publish      prepublish: 'npm run compile',
30 silly publish      cov: 'cross-env NODE_ENV=test nyc --reporter=lcovonly mocha test/*.js --timeout 15000 --recursive --compilers js:babel-register',
30 silly publish      test: 'cross-env NODE_ENV=test mocha test/ --recursive  --compilers js:babel-register' },
30 silly publish   nyc:
30 silly publish    { include: [ 'src/*.js' ],
30 silly publish      require: [ 'babel-register' ],
30 silly publish      sourceMap: false,
30 silly publish      instrument: false },
30 silly publish   keywords: [ '顺丰', 'nodeJS', '顺丰下单', '顺丰接口nodejs版' ],
30 silly publish   repository:
30 silly publish    { type: 'git',
30 silly publish      url: 'git+https://github.com/curryTeam/xianSF.git' },
30 silly publish   license: 'ISC',
30 silly publish   devDependencies:
30 silly publish    { 'babel-cli': '^6.26.0',
30 silly publish      'babel-eslint': '^7.2.1',
30 silly publish      'babel-plugin-istanbul': '^4.1.1',
30 silly publish      'babel-preset-es2015': '^6.18.0',
30 silly publish      'babel-preset-power-assert': '^1.0.0',
30 silly publish      'babel-register': '^6.18.0',
30 silly publish      'babel-root-import': '^4.1.5',
30 silly publish      'cross-env': '^4.0.0',
30 silly publish      eslint: '^3.12.2',
30 silly publish      mocha: '^3.2.0',
30 silly publish      nyc: '^10.2.0',
30 silly publish      'power-assert': '^1.4.2' },
30 silly publish   dependencies:
30 silly publish    { moment: '^2.17.1',
30 silly publish      'query-string': '^5.0.0',
30 silly publish      request: '^2.79.0',
30 silly publish      xml2js: '^0.4.19' },
30 silly publish   readme: '# xian sf nodeJS',
30 silly publish   readmeFilename: 'README.md',
30 silly publish   gitHead: 'f7f88a13fb2972e9901e9e8788a1f843c0f3b035',
30 silly publish   bugs: { url: 'https://github.com/curryTeam/xianSF/issues' },
30 silly publish   homepage: 'https://github.com/curryTeam/xianSF#readme',
30 silly publish   _id: 'xian_sf@0.1.7',
30 silly publish   _shasum: '0136329a882e40366e22aa23c53746c43f17795d',
30 silly publish   _from: '.' }
31 info lifecycle xian_sf@0.1.7~prepublishOnly: xian_sf@0.1.7
32 silly lifecycle xian_sf@0.1.7~prepublishOnly: no script for prepublishOnly, continuing
33 verbose getPublishConfig undefined
34 silly mapToRegistry name xian_sf
35 silly mapToRegistry using default registry
36 silly mapToRegistry registry https://registry.npmjs.org/
37 silly mapToRegistry data Result {
37 silly mapToRegistry   raw: 'xian_sf',
37 silly mapToRegistry   scope: null,
37 silly mapToRegistry   escapedName: 'xian_sf',
37 silly mapToRegistry   name: 'xian_sf',
37 silly mapToRegistry   rawSpec: '',
37 silly mapToRegistry   spec: 'latest',
37 silly mapToRegistry   type: 'tag' }
38 silly mapToRegistry uri https://registry.npmjs.org/xian_sf
39 verbose publish registryBase https://registry.npmjs.org/
40 silly publish uploading /Users/curry/.npm/xian_sf/0.1.7/package.tgz
41 verbose request uri https://registry.npmjs.org/xian_sf
42 verbose request sending authorization for write operation
43 info attempt registry request try #1 at 11:19:23
44 verbose request using bearer token for auth
45 verbose request id 8f4848b6a93fb121
46 http request PUT https://registry.npmjs.org/xian_sf
47 http 403 https://registry.npmjs.org/xian_sf
48 verbose headers { 'content-type': 'application/json',
48 verbose headers   'cache-control': 'max-age=300',
48 verbose headers   'content-length': '91',
48 verbose headers   'accept-ranges': 'bytes',
48 verbose headers   date: 'Thu, 07 Sep 2017 03:19:23 GMT',
48 verbose headers   via: '1.1 varnish',
48 verbose headers   connection: 'keep-alive',
48 verbose headers   'x-served-by': 'cache-nrt6135-NRT',
48 verbose headers   'x-cache': 'MISS',
48 verbose headers   'x-cache-hits': '0',
48 verbose headers   'x-timer': 'S1504754362.439772,VS0,VE610',
48 verbose headers   vary: 'Accept-Encoding, Accept' }
49 verbose request invalidating /Users/curry/.npm/registry.npmjs.org/xian_sf on PUT
50 error publish Failed PUT 403
51 verbose stack Error: You cannot publish over the previously published version 0.1.7. : xian_sf
51 verbose stack     at makeError (/Users/curry/.nvm/versions/node/v7.6.0/lib/node_modules/npm/node_modules/npm-registry-client/lib/request.js:304:12)
51 verbose stack     at CachingRegistryClient.<anonymous> (/Users/curry/.nvm/versions/node/v7.6.0/lib/node_modules/npm/node_modules/npm-registry-client/lib/request.js:292:14)
51 verbose stack     at Request._callback (/Users/curry/.nvm/versions/node/v7.6.0/lib/node_modules/npm/node_modules/npm-registry-client/lib/request.js:212:14)
51 verbose stack     at Request.self.callback (/Users/curry/.nvm/versions/node/v7.6.0/lib/node_modules/npm/node_modules/request/request.js:186:22)
51 verbose stack     at emitTwo (events.js:106:13)
51 verbose stack     at Request.emit (events.js:192:7)
51 verbose stack     at Request.<anonymous> (/Users/curry/.nvm/versions/node/v7.6.0/lib/node_modules/npm/node_modules/request/request.js:1081:10)
51 verbose stack     at emitOne (events.js:96:13)
51 verbose stack     at Request.emit (events.js:189:7)
51 verbose stack     at IncomingMessage.<anonymous> (/Users/curry/.nvm/versions/node/v7.6.0/lib/node_modules/npm/node_modules/request/request.js:1001:12)
52 verbose statusCode 403
53 verbose pkgid xian_sf
54 verbose cwd /Users/curry/Documents/gitHub_workSpace/sf
55 error Darwin 16.5.0
56 error argv "/Users/curry/.nvm/versions/node/v7.6.0/bin/node" "/Users/curry/.nvm/versions/node/v7.6.0/bin/npm" "publish"
57 error node v7.6.0
58 error npm  v4.1.2
59 error code E403
60 error You cannot publish over the previously published version 0.1.7. : xian_sf
61 error If you need help, you may report this error at:
61 error     <https://github.com/npm/npm/issues>
62 verbose exit [ 1, true ]
